2018-12-01 17:43:28 Notice: Notice (8): Undefined variable: headimg in [D:\workspacePhp\kendo-region-system\src\Template\Layout\default.ctp, line 68]
Request URL: /kendo-region-system/
Trace:
Cake\Error\BaseErrorHandler::handleError() - CORE\src\Error\BaseErrorHandler.php, line 146
include - APP/Template\Layout\default.ctp, line 68
Cake\View\View::_evaluate() - CORE\src\View\View.php, line 1008
Cake\View\View::_render() - CORE\src\View\View.php, line 967
Cake\View\View::renderLayout() - CORE\src\View\View.php, line 638
Cake\View\View::render() - CORE\src\View\View.php, line 596
Cake\Controller\Controller::render() - CORE\src\Controller\Controller.php, line 617
Cake\Http\ActionDispatcher::_invoke() - CORE\src\Http\ActionDispatcher.php, line 128
Cake\Http\ActionDispatcher::dispatch() - CORE\src\Http\ActionDispatcher.php, line 96
Cake\Routing\Dispatcher::dispatch() - CORE\src\Routing\Dispatcher.php, line 60
[main] - ROOT\webroot\index.php, line 36



2018-12-01 17:43:35 Notice: Notice (8): Undefined variable: title in [D:\workspacePhp\kendo-region-system\src\Template\Layout\error.ctp, line 16]
Request URL: /kendo-region-system/inscriptions/inscriptions
Referer URL: http://localhost/kendo-region-system/
Trace:
Cake\Error\BaseErrorHandler::handleError() - CORE\src\Error\BaseErrorHandler.php, line 146
include - APP/Template\Layout\error.ctp, line 16
Cake\View\View::_evaluate() - CORE\src\View\View.php, line 1008
Cake\View\View::_render() - CORE\src\View\View.php, line 967
Cake\View\View::renderLayout() - CORE\src\View\View.php, line 638
Cake\View\View::render() - CORE\src\View\View.php, line 596
Cake\Controller\Controller::render() - CORE\src\Controller\Controller.php, line 617
Cake\Error\ExceptionRenderer::_outputMessage() - CORE\src\Error\ExceptionRenderer.php, line 327
Cake\Error\ExceptionRenderer::render() - CORE\src\Error\ExceptionRenderer.php, line 194
Cake\Error\ErrorHandler::_displayException() - CORE\src\Error\ErrorHandler.php, line 144
Cake\Error\BaseErrorHandler::handleException() - CORE\src\Error\BaseErrorHandler.php, line 180
Cake\Error\BaseErrorHandler::wrapAndHandleException() - CORE\src\Error\BaseErrorHandler.php, line 164
[main] - [internal], line ??



2018-12-01 17:43:35 Notice: Notice (8): Undefined variable: title in [D:\workspacePhp\kendo-region-system\src\Template\Layout\error.ctp, line 18]
Request URL: /kendo-region-system/inscriptions/inscriptions
Referer URL: http://localhost/kendo-region-system/
Trace:
Cake\Error\BaseErrorHandler::handleError() - CORE\src\Error\BaseErrorHandler.php, line 146
include - APP/Template\Layout\error.ctp, line 18
Cake\View\View::_evaluate() - CORE\src\View\View.php, line 1008
Cake\View\View::_render() - CORE\src\View\View.php, line 967
Cake\View\View::renderLayout() - CORE\src\View\View.php, line 638
Cake\View\View::render() - CORE\src\View\View.php, line 596
Cake\Controller\Controller::render() - CORE\src\Controller\Controller.php, line 617
Cake\Error\ExceptionRenderer::_outputMessage() - CORE\src\Error\ExceptionRenderer.php, line 327
Cake\Error\ExceptionRenderer::render() - CORE\src\Error\ExceptionRenderer.php, line 194
Cake\Error\ErrorHandler::_displayException() - CORE\src\Error\ErrorHandler.php, line 144
Cake\Error\BaseErrorHandler::handleException() - CORE\src\Error\BaseErrorHandler.php, line 180
Cake\Error\BaseErrorHandler::wrapAndHandleException() - CORE\src\Error\BaseErrorHandler.php, line 164
[main] - [internal], line ??



2018-12-01 17:43:35 Notice: Notice (8): Undefined variable: description in [D:\workspacePhp\kendo-region-system\src\Template\Layout\error.ctp, line 21]
Request URL: /kendo-region-system/inscriptions/inscriptions
Referer URL: http://localhost/kendo-region-system/
Trace:
Cake\Error\BaseErrorHandler::handleError() - CORE\src\Error\BaseErrorHandler.php, line 146
include - APP/Template\Layout\error.ctp, line 21
Cake\View\View::_evaluate() - CORE\src\View\View.php, line 1008
Cake\View\View::_render() - CORE\src\View\View.php, line 967
Cake\View\View::renderLayout() - CORE\src\View\View.php, line 638
Cake\View\View::render() - CORE\src\View\View.php, line 596
Cake\Controller\Controller::render() - CORE\src\Controller\Controller.php, line 617
Cake\Error\ExceptionRenderer::_outputMessage() - CORE\src\Error\ExceptionRenderer.php, line 327
Cake\Error\ExceptionRenderer::render() - CORE\src\Error\ExceptionRenderer.php, line 194
Cake\Error\ErrorHandler::_displayException() - CORE\src\Error\ErrorHandler.php, line 144
Cake\Error\BaseErrorHandler::handleException() - CORE\src\Error\BaseErrorHandler.php, line 180
Cake\Error\BaseErrorHandler::wrapAndHandleException() - CORE\src\Error\BaseErrorHandler.php, line 164
[main] - [internal], line ??



2018-12-01 17:43:35 Notice: Notice (8): Undefined variable: description in [D:\workspacePhp\kendo-region-system\src\Template\Layout\error.ctp, line 22]
Request URL: /kendo-region-system/inscriptions/inscriptions
Referer URL: http://localhost/kendo-region-system/
Trace:
Cake\Error\BaseErrorHandler::handleError() - CORE\src\Error\BaseErrorHandler.php, line 146
include - APP/Template\Layout\error.ctp, line 22
Cake\View\View::_evaluate() - CORE\src\View\View.php, line 1008
Cake\View\View::_render() - CORE\src\View\View.php, line 967
Cake\View\View::renderLayout() - CORE\src\View\View.php, line 638
Cake\View\View::render() - CORE\src\View\View.php, line 596
Cake\Controller\Controller::render() - CORE\src\Controller\Controller.php, line 617
Cake\Error\ExceptionRenderer::_outputMessage() - CORE\src\Error\ExceptionRenderer.php, line 327
Cake\Error\ExceptionRenderer::render() - CORE\src\Error\ExceptionRenderer.php, line 194
Cake\Error\ErrorHandler::_displayException() - CORE\src\Error\ErrorHandler.php, line 144
Cake\Error\BaseErrorHandler::handleException() - CORE\src\Error\BaseErrorHandler.php, line 180
Cake\Error\BaseErrorHandler::wrapAndHandleException() - CORE\src\Error\BaseErrorHandler.php, line 164
[main] - [internal], line ??



2018-12-01 20:41:55 Notice: Deprecated (16384): Security::salt() is deprecated. Use Security::getSalt()/setSalt() instead. - D:\workspacePhp\kendo-region-system\config\bootstrap.php, line: 159
 You can disable deprecation warnings by setting `Error.errorLevel` to `E_ALL & ~E_USER_DEPRECATED` in your config/app.php. in [D:\workspacePhp\kendo-region-system\vendor\cakephp\cakephp\src\Core\functions.php, line 310]
Trace:
Cake\Error\BaseErrorHandler::handleError() - CORE\src\Error\BaseErrorHandler.php, line 159
deprecationWarning - CORE\src\Core\functions.php, line 310
Cake\Utility\Security::salt() - CORE\src\Utility\Security.php, line 383
require - ROOT\config\bootstrap.php, line 159
[main] - ROOT\webroot\index.php, line 27



2018-12-01 20:41:55 Notice: Deprecated (16384): Use Cake\Http\ServerRequest instead of Cake\Network\Request. - D:\workspacePhp\kendo-region-system\vendor\composer\ClassLoader.php, line: 444
 You can disable deprecation warnings by setting `Error.errorLevel` to `E_ALL & ~E_USER_DEPRECATED` in your config/app.php. in [D:\workspacePhp\kendo-region-system\vendor\cakephp\cakephp\src\Core\functions.php, line 310]
Trace:
Cake\Error\BaseErrorHandler::handleError() - CORE\src\Error\BaseErrorHandler.php, line 159
deprecationWarning - CORE\src\Core\functions.php, line 310
include - CORE\src\Network\Request.php, line 4
Composer\Autoload\includeFile - ROOT\vendor\composer\ClassLoader.php, line 444
Composer\Autoload\ClassLoader::loadClass() - ROOT\vendor\composer\ClassLoader.php, line 322
spl_autoload_call - [internal], line ??
require - ROOT\config\bootstrap.php, line 171
[main] - ROOT\webroot\index.php, line 27



2018-12-01 20:45:10 Notice: Deprecated (16384): Security::salt() is deprecated. Use Security::getSalt()/setSalt() instead. - D:\workspacePhp\kendo-region-system\config\bootstrap.php, line: 159
 You can disable deprecation warnings by setting `Error.errorLevel` to `E_ALL & ~E_USER_DEPRECATED` in your config/app.php. in [D:\workspacePhp\kendo-region-system\vendor\cakephp\cakephp\src\Core\functions.php, line 310]
Trace:
Cake\Error\BaseErrorHandler::handleError() - CORE\src\Error\BaseErrorHandler.php, line 159
deprecationWarning - CORE\src\Core\functions.php, line 310
Cake\Utility\Security::salt() - CORE\src\Utility\Security.php, line 383
require - ROOT\config\bootstrap.php, line 159
[main] - ROOT\webroot\index.php, line 27



2018-12-01 20:45:10 Notice: Deprecated (16384): Use Cake\Http\ServerRequest instead of Cake\Network\Request. - D:\workspacePhp\kendo-region-system\vendor\composer\ClassLoader.php, line: 444
 You can disable deprecation warnings by setting `Error.errorLevel` to `E_ALL & ~E_USER_DEPRECATED` in your config/app.php. in [D:\workspacePhp\kendo-region-system\vendor\cakephp\cakephp\src\Core\functions.php, line 310]
Trace:
Cake\Error\BaseErrorHandler::handleError() - CORE\src\Error\BaseErrorHandler.php, line 159
deprecationWarning - CORE\src\Core\functions.php, line 310
include - CORE\src\Network\Request.php, line 4
Composer\Autoload\includeFile - ROOT\vendor\composer\ClassLoader.php, line 444
Composer\Autoload\ClassLoader::loadClass() - ROOT\vendor\composer\ClassLoader.php, line 322
spl_autoload_call - [internal], line ??
require - ROOT\config\bootstrap.php, line 171
[main] - ROOT\webroot\index.php, line 27



2018-12-02 16:23:28 Notice: Notice (8): Trying to get property of non-object in [D:\workspacePhp\kendo-region-system\src\Controller\InscriptionPassagesController.php, line 97]
Request URL: /kendo-region-system/inscription-passages/inscriptions/3
Trace:
Cake\Error\BaseErrorHandler::handleError() - CORE\src\Error\BaseErrorHandler.php, line 146
App\Controller\InscriptionPassagesController::inscriptions() - APP/Controller\InscriptionPassagesController.php, line 97
Cake\Controller\Controller::invokeAction() - CORE\src\Controller\Controller.php, line 435
Cake\Http\ActionDispatcher::_invoke() - CORE\src\Http\ActionDispatcher.php, line 122
Cake\Http\ActionDispatcher::dispatch() - CORE\src\Http\ActionDispatcher.php, line 96
Cake\Routing\Dispatcher::dispatch() - CORE\src\Routing\Dispatcher.php, line 60
[main] - ROOT\webroot\index.php, line 36



